<?xml version="1.0" encoding="UTF-8"?>
<coverage generated="1409825795">
  <project timestamp="1409825795">
    <package name="Eye4web\ZfcUser\ForceLogout">
      <file name="/Users/Danielss89/Server/Potterworld/module/Eye4webZfcUserForceLogout/src/Eye4web/ZfcUser/ForceLogout/Module.php">
        <class name="Module" namespace="Eye4web\ZfcUser\ForceLogout">
          <metrics methods="2" coveredmethods="0" conditionals="0" coveredconditionals="0" statements="16" coveredstatements="0" elements="18" coveredelements="0"/>
        </class>
        <line num="27" type="method" name="onBootstrap" crap="2" count="0"/>
        <line num="28" type="stmt" count="0"/>
        <line num="29" type="stmt" count="0"/>
        <line num="30" type="stmt" count="0"/>
        <line num="31" type="stmt" count="0"/>
        <line num="36" type="method" name="checkForceLogout" crap="20" count="0"/>
        <line num="37" type="stmt" count="0"/>
        <line num="38" type="stmt" count="0"/>
        <line num="39" type="stmt" count="0"/>
        <line num="41" type="stmt" count="0"/>
        <line num="42" type="stmt" count="0"/>
        <line num="43" type="stmt" count="0"/>
        <line num="44" type="stmt" count="0"/>
        <line num="45" type="stmt" count="0"/>
        <line num="47" type="stmt" count="0"/>
        <line num="48" type="stmt" count="0"/>
        <line num="49" type="stmt" count="0"/>
        <line num="50" type="stmt" count="0"/>
        <metrics loc="51" ncloc="32" classes="1" methods="2" coveredmethods="0" conditionals="0" coveredconditionals="0" statements="16" coveredstatements="0" elements="18" coveredelements="0"/>
      </file>
    </package>
    <metrics files="1" loc="51" ncloc="32" classes="1" methods="2" coveredmethods="0" conditionals="0" coveredconditionals="0" statements="16" coveredstatements="0" elements="18" coveredelements="0"/>
  </project>
</coverage>
